#
# There is insufficient memory for the Java Runtime Environment to continue.
# Native memory allocation (malloc) failed to allocate 32744 bytes for ChunkPool::allocate
# Possible reasons:
#   The system is out of physical RAM or swap space
#   The process is running with CompressedOops enabled, and the Java Heap may be blocking the growth of the native heap
# Possible solutions:
#   Reduce memory load on the system
#   Increase physical memory or swap space
#   Check if swap backing store is full
#   Decrease Java heap size (-Xmx/-Xms)
#   Decrease number of Java threads
#   Decrease Java thread stack sizes (-Xss)
#   Set larger code cache with -XX:ReservedCodeCacheSize=
#   JVM is running with Unscaled Compressed Oops mode in which the Java heap is
#     placed in the first 4GB address space. The Java Heap base address is the
#     maximum limit for the native heap growth. Please use -XX:HeapBaseMinAddress
#     to set the Java Heap base and to place the Java Heap above 4GB virtual address.
# This output file may be truncated or incomplete.
#
#  Out of Memory Error (./src/hotspot/share/memory/arena.cpp:81), pid=12016, tid=14476
#
# JRE version: OpenJDK Runtime Environment (11.0.12+7) (build 11.0.12+7-b1504.28-7817840)
# Java VM: OpenJDK 64-Bit Server VM (11.0.12+7-b1504.28-7817840, mixed mode, tiered, compressed oops, g1 gc, windows-amd64)
# No core dump will be written. Minidumps are not enabled by default on client versions of Windows
#

---------------  S U M M A R Y ------------

Command Line: --add-opens=java.base/java.util=ALL-UNNAMED --add-opens=java.base/java.lang=ALL-UNNAMED --add-opens=java.base/java.lang.invoke=ALL-UNNAMED --add-opens=java.base/java.util=ALL-UNNAMED --add-opens=java.prefs/java.util.prefs=ALL-UNNAMED --add-opens=java.prefs/java.util.prefs=ALL-UNNAMED --add-opens=java.base/java.nio.charset=ALL-UNNAMED --add-opens=java.base/java.net=ALL-UNNAMED --add-opens=java.base/java.util.concurrent.atomic=ALL-UNNAMED -Xmx2048m -Dfile.encoding=UTF-8 -Duser.country=US -Duser.language=en -Duser.variant org.gradle.launcher.daemon.bootstrap.GradleDaemon 7.3.3

Host: Intel(R) Core(TM) i7-6500U CPU @ 2.50GHz, 4 cores, 7G,  Windows 10 , 64 bit Build 19041 (10.0.19041.1806)
Time: Tue Aug  9 10:28:44 2022 Arab Standard Time elapsed time: 57.663313 seconds (0d 0h 0m 57s)

---------------  T H R E A D  ---------------

Current thread (0x0000013f9f841800):  JavaThread "RMI RenewClean-[127.0.0.1:17763,org.jetbrains.kotlin.daemon.common.LoopbackNetworkInterface$ClientLoopbackSocketFactory@22d80208]" daemon [_thread_in_vm, id=14476, stack(0x0000003dabd00000,0x0000003dabe00000)]

Stack: [0x0000003dabd00000,0x0000003dabe00000]
Native frames: (J=compiled Java code, j=interpreted, Vv=VM code, C=native code)
V  [jvm.dll+0x5fbcea]
V  [jvm.dll+0x731905]
V  [jvm.dll+0x732f1d]
V  [jvm.dll+0x7335d3]
V  [jvm.dll+0x247bf8]
V  [jvm.dll+0xc041b]
V  [jvm.dll+0xc06cc]
V  [jvm.dll+0xcdd44]
V  [jvm.dll+0x6589cb]
V  [jvm.dll+0x65874d]
V  [jvm.dll+0x65972a]
V  [jvm.dll+0x65835e]
V  [jvm.dll+0x65946b]
V  [jvm.dll+0x369833]
V  [jvm.dll+0x366a92]
V  [jvm.dll+0x6cef64]
V  [jvm.dll+0x716d1c]
V  [jvm.dll+0x715850]
C  0x0000013f8f5630dc

Java frames: (J=compiled Java code, j=interpreted, Vv=VM code)
J 2610  jdk.internal.misc.Unsafe.defineAnonymousClass0(Ljava/lang/Class;[B[Ljava/lang/Object;)Ljava/lang/Class; java.base@11.0.12 (0 bytes) @ 0x0000013f8f56303c [0x0000013f8f562fc0+0x000000000000007c]
J 2609 c1 jdk.internal.misc.Unsafe.defineAnonymousClass(Ljava/lang/Class;[B[Ljava/lang/Object;)Ljava/lang/Class; java.base@11.0.12 (46 bytes) @ 0x0000013f8845fbcc [0x0000013f8845fa00+0x00000000000001cc]
J 6017 c1 java.lang.invoke.LambdaForm.compileToBytecode()V java.base@11.0.12 (162 bytes) @ 0x0000013f88b324ec [0x0000013f88b31ee0+0x000000000000060c]
j  java.lang.invoke.DirectMethodHandle.makePreparedLambdaForm(Ljava/lang/invoke/MethodType;I)Ljava/lang/invoke/LambdaForm;+781 java.base@11.0.12
J 2074 c1 java.lang.invoke.DirectMethodHandle.preparedLambdaForm(Ljava/lang/invoke/MemberName;Z)Ljava/lang/invoke/LambdaForm; java.base@11.0.12 (248 bytes) @ 0x0000013f8831b414 [0x0000013f8831ae60+0x00000000000005b4]
J 1461 c1 java.lang.invoke.DirectMethodHandle.make(BLjava/lang/Class;Ljava/lang/invoke/MemberName;Ljava/lang/Class;)Ljava/lang/invoke/DirectMethodHandle; java.base@11.0.12 (263 bytes) @ 0x0000013f881e348c [0x0000013f881e2740+0x0000000000000d4c]
J 2291 c1 java.lang.invoke.MethodHandles$Lookup.getDirectMethodCommon(BLjava/lang/Class;Ljava/lang/invoke/MemberName;ZZLjava/lang/invoke/MethodHandles$Lookup;)Ljava/lang/invoke/MethodHandle; java.base@11.0.12 (275 bytes) @ 0x0000013f883a3b3c [0x0000013f883a2fe0+0x0000000000000b5c]
J 3921 c1 java.lang.invoke.InnerClassLambdaMetafactory.buildCallSite()Ljava/lang/invoke/CallSite; java.base@11.0.12 (168 bytes) @ 0x0000013f887055cc [0x0000013f88704600+0x0000000000000fcc]
J 3919 c1 java.lang.invoke.LambdaForm$DMH.invokeStatic(Ljava/lang/Object;Ljava/lang/Object;Ljava/lang/Object;Ljava/lang/Object;Ljava/lang/Object;Ljava/lang/Object;Ljava/lang/Object;)Ljava/lang/Object; java.base@11.0.12 (30 bytes) @ 0x0000013f886f8eec [0x0000013f886f8a20+0x00000000000004cc]
J 3352 c1 java.lang.invoke.BootstrapMethodInvoker.invoke(Ljava/lang/Class;Ljava/lang/invoke/MethodHandle;Ljava/lang/String;Ljava/lang/Object;Ljava/lang/Object;Ljava/lang/Class;)Ljava/lang/Object; java.base@11.0.12 (688 bytes) @ 0x0000013f885aa034 [0x0000013f885a4620+0x0000000000005a14]
J 3401 c1 java.lang.invoke.CallSite.makeSite(Ljava/lang/invoke/MethodHandle;Ljava/lang/String;Ljava/lang/invoke/MethodType;Ljava/lang/Object;Ljava/lang/Class;)Ljava/lang/invoke/CallSite; java.base@11.0.12 (91 bytes) @ 0x0000013f885ca4e4 [0x0000013f885ca460+0x0000000000000084]
J 2502 c1 java.lang.invoke.MethodHandleNatives.linkCallSiteImpl(Ljava/lang/Class;Ljava/lang/invoke/MethodHandle;Ljava/lang/String;Ljava/lang/invoke/MethodType;Ljava/lang/Object;[Ljava/lang/Object;)Ljava/lang/invoke/MemberName; java.base@11.0.12 (44 bytes) @ 0x0000013f8842a42c [0x0000013f8842a3c0+0x000000000000006c]
J 2501 c1 java.lang.invoke.MethodHandleNatives.linkCallSite(Ljava/lang/Object;ILjava/lang/Object;Ljava/lang/Object;Ljava/lang/Object;Ljava/lang/Object;[Ljava/lang/Object;)Ljava/lang/invoke/MemberName; java.base@11.0.12 (66 bytes) @ 0x0000013f88429784 [0x0000013f88429380+0x0000000000000404]
v  ~StubRoutines::call_stub
j  sun.rmi.transport.DGCClient$EndpointEntry$RenewCleanThread.run()V+236 java.rmi@11.0.12
j  java.lang.Thread.run()V+11 java.base@11.0.12
v  ~StubRoutines::call_stub

---------------  P R O C E S S  ---------------

Threads class SMR info:
_java_thread_list=0x0000013fa446df80, length=93, elements={
0x0000013f83e1c800, 0x0000013f9e1a1000, 0x0000013f9e1a2800, 0x0000013f9e1bf000,
0x0000013f9e1c0000, 0x0000013f9e1c1800, 0x0000013f9e1ca000, 0x0000013f9e1d3000,
0x0000013f9e1d4800, 0x0000013f9ec68000, 0x0000013fa114c800, 0x0000013fa096c000,
0x0000013fa0ef9000, 0x0000013fa0c42000, 0x0000013fa1cab000, 0x0000013fa16ea000,
0x0000013fa1455800, 0x0000013f9fffa000, 0x0000013fa1082800, 0x0000013fa0fd4800,
0x0000013fa0fd2000, 0x0000013fa0fd3000, 0x0000013fa0fd4000, 0x0000013fa0e91000,
0x0000013fa0e90000, 0x0000013fa0e93800, 0x0000013fa0e92000, 0x0000013fa0e92800,
0x0000013fa0e94800, 0x0000013fa0e95000, 0x0000013fa0e97800, 0x0000013fa0e96800,
0x0000013fa0e9b800, 0x0000013fa0e99000, 0x0000013fa0e9b000, 0x0000013fa0e96000,
0x0000013fa0e9e000, 0x0000013fa0e9a000, 0x0000013fa0e9c800, 0x0000013fa0e9d800,
0x0000013fa47bc000, 0x0000013fa47b9800, 0x0000013fa47bb800, 0x0000013fa47bd000,
0x0000013fa47bd800, 0x0000013fa47be800, 0x0000013fa47b9000, 0x0000013fa47bf800,
0x0000013fa47c0000, 0x0000013fa47ba800, 0x0000013fa47c4000, 0x0000013fa47c6800,
0x0000013fa47c2000, 0x0000013fa47c6000, 0x0000013fa47c1000, 0x0000013fa47c7800,
0x0000013fa47c2800, 0x0000013fa47c3800, 0x0000013fa47c5000, 0x0000013fa2972000,
0x0000013fa2972800, 0x0000013fa2976000, 0x0000013fa2973800, 0x0000013fa2977000,
0x0000013fa2974800, 0x0000013fa2975000, 0x0000013fa2971000, 0x0000013fa297c800,
0x0000013fa297b800, 0x0000013fa297a000, 0x0000013fa297d800, 0x0000013fa2977800,
0x0000013fa2979800, 0x0000013fa297b000, 0x0000013fa297e000, 0x0000013fa2978800,
0x0000013fa297f000, 0x0000013fa2980000, 0x0000013f9f838800, 0x0000013f9f837000,
0x0000013f9f839800, 0x0000013f9f83c000, 0x0000013f9f836000, 0x0000013f9f83c800,
0x0000013f9f83d800, 0x0000013f9f838000, 0x0000013f9f83e800, 0x0000013f9f83f000,
0x0000013f9f840000, 0x0000013f9f83a000, 0x0000013f9f840800, 0x0000013f9f841800,
0x0000013f9f842800
}

Java Threads: ( => current thread )
  0x0000013f83e1c800 JavaThread "main" [_thread_blocked, id=12736, stack(0x0000003da5600000,0x0000003da5700000)]
  0x0000013f9e1a1000 JavaThread "Reference Handler" daemon [_thread_blocked, id=9256, stack(0x0000003da5d00000,0x0000003da5e00000)]
  0x0000013f9e1a2800 JavaThread "Finalizer" daemon [_thread_blocked, id=13344, stack(0x0000003da5e00000,0x0000003da5f00000)]
  0x0000013f9e1bf000 JavaThread "Signal Dispatcher" daemon [_thread_blocked, id=9976, stack(0x0000003da5f00000,0x0000003da6000000)]
  0x0000013f9e1c0000 JavaThread "Attach Listener" daemon [_thread_blocked, id=13492, stack(0x0000003da6000000,0x0000003da6100000)]
  0x0000013f9e1c1800 JavaThread "Service Thread" daemon [_thread_blocked, id=6788, stack(0x0000003da6100000,0x0000003da6200000)]
  0x0000013f9e1ca000 JavaThread "C2 CompilerThread0" daemon [_thread_in_native, id=15288, stack(0x0000003da6200000,0x0000003da6300000)]
  0x0000013f9e1d3000 JavaThread "C1 CompilerThread0" daemon [_thread_blocked, id=9192, stack(0x0000003da6300000,0x0000003da6400000)]
  0x0000013f9e1d4800 JavaThread "Sweeper thread" daemon [_thread_blocked, id=14180, stack(0x0000003da6400000,0x0000003da6500000)]
  0x0000013f9ec68000 JavaThread "Common-Cleaner" daemon [_thread_blocked, id=7576, stack(0x0000003da6500000,0x0000003da6600000)]
  0x0000013fa114c800 JavaThread "Daemon health stats" [_thread_blocked, id=13356, stack(0x0000003da6a00000,0x0000003da6b00000)]
  0x0000013fa096c000 JavaThread "Incoming local TCP Connector on port 51902" [_thread_in_native, id=12536, stack(0x0000003da6700000,0x0000003da6800000)]
  0x0000013fa0ef9000 JavaThread "Daemon periodic checks" [_thread_blocked, id=5248, stack(0x0000003da6c00000,0x0000003da6d00000)]
  0x0000013fa0c42000 JavaThread "Daemon" [_thread_blocked, id=6544, stack(0x0000003da6d00000,0x0000003da6e00000)]
  0x0000013fa1cab000 JavaThread "Handler for socket connection from /127.0.0.1:51902 to /127.0.0.1:51903" [_thread_in_native, id=5560, stack(0x0000003da6e00000,0x0000003da6f00000)]
  0x0000013fa16ea000 JavaThread "Cancel handler" [_thread_blocked, id=5252, stack(0x0000003da6f00000,0x0000003da7000000)]
  0x0000013fa1455800 JavaThread "Daemon worker" [_thread_blocked, id=5604, stack(0x0000003da7000000,0x0000003da7100000)]
  0x0000013f9fffa000 JavaThread "Asynchronous log dispatcher for DefaultDaemonConnection: socket connection from /127.0.0.1:51902 to /127.0.0.1:51903" [_thread_blocked, id=804, stack(0x0000003da7100000,0x0000003da7200000)]
  0x0000013fa1082800 JavaThread "Stdin handler" [_thread_blocked, id=9208, stack(0x0000003da7200000,0x0000003da7300000)]
  0x0000013fa0fd4800 JavaThread "Daemon client event forwarder" [_thread_blocked, id=8324, stack(0x0000003da7300000,0x0000003da7400000)]
  0x0000013fa0fd2000 JavaThread "Cache worker for journal cache (C:\Users\moham\AndroidStudioProjects\Dice-Roller\caches\journal-1)" [_thread_blocked, id=7716, stack(0x0000003da7400000,0x0000003da7500000)]
  0x0000013fa0fd3000 JavaThread "File lock request listener" [_thread_in_native, id=9892, stack(0x0000003da7500000,0x0000003da7600000)]
  0x0000013fa0fd4000 JavaThread "Cache worker for file hash cache (C:\Users\moham\AndroidStudioProjects\Dice-Roller\caches\7.3.3\fileHashes)" [_thread_blocked, id=14628, stack(0x0000003da7600000,0x0000003da7700000)]
  0x0000013fa0e91000 JavaThread "Cache worker for file hash cache (C:\Users\moham\AndroidStudioProjects\VatApp\.gradle\7.3.3\fileHashes)" [_thread_blocked, id=11820, stack(0x0000003da7700000,0x0000003da7800000)]
  0x0000013fa0e90000 JavaThread "File watcher server" daemon [_thread_blocked, id=12636, stack(0x0000003da7900000,0x0000003da7a00000)]
  0x0000013fa0e93800 JavaThread "File watcher consumer" daemon [_thread_blocked, id=6772, stack(0x0000003da7a00000,0x0000003da7b00000)]
  0x0000013fa0e92000 JavaThread "Cache worker for checksums cache (C:\Users\moham\AndroidStudioProjects\VatApp\.gradle\7.3.3\checksums)" [_thread_blocked, id=3308, stack(0x0000003da7800000,0x0000003da7900000)]
  0x0000013fa0e92800 JavaThread "Cache worker for cache directory md-supplier (C:\Users\moham\AndroidStudioProjects\Dice-Roller\caches\7.3.3\md-supplier)" [_thread_blocked, id=4800, stack(0x0000003da7c00000,0x0000003da7d00000)]
  0x0000013fa0e94800 JavaThread "Cache worker for cache directory md-rule (C:\Users\moham\AndroidStudioProjects\Dice-Roller\caches\7.3.3\md-rule)" [_thread_blocked, id=5936, stack(0x0000003da7d00000,0x0000003da7e00000)]
  0x0000013fa0e95000 JavaThread "Cache worker for execution history cache (C:\Users\moham\AndroidStudioProjects\Dice-Roller\caches\7.3.3\executionHistory)" [_thread_blocked, id=9156, stack(0x0000003da7e00000,0x0000003da7f00000)]
  0x0000013fa0e97800 JavaThread "jar transforms" [_thread_blocked, id=8212, stack(0x0000003da7f00000,0x0000003da8000000)]
  0x0000013fa0e96800 JavaThread "Cache worker for file content cache (C:\Users\moham\AndroidStudioProjects\Dice-Roller\caches\7.3.3\fileContent)" [_thread_blocked, id=14972, stack(0x0000003da8000000,0x0000003da8100000)]
  0x0000013fa0e9b800 JavaThread "jar transforms Thread 2" [_thread_blocked, id=6716, stack(0x0000003da8100000,0x0000003da8200000)]
  0x0000013fa0e99000 JavaThread "Cache worker for dependencies-accessors (C:\Users\moham\AndroidStudioProjects\VatApp\.gradle\7.3.3\dependencies-accessors)" [_thread_blocked, id=5576, stack(0x0000003da8200000,0x0000003da8300000)]
  0x0000013fa0e9b000 JavaThread "jar transforms Thread 3" [_thread_blocked, id=7252, stack(0x0000003da8300000,0x0000003da8400000)]
  0x0000013fa0e96000 JavaThread "Cache worker for Build Output Cleanup Cache (C:\Users\moham\AndroidStudioProjects\VatApp\.gradle\buildOutputCleanup)" [_thread_blocked, id=7440, stack(0x0000003da8400000,0x0000003da8500000)]
  0x0000013fa0e9e000 JavaThread "Unconstrained build operations" [_thread_blocked, id=8128, stack(0x0000003da7b00000,0x0000003da7c00000)]
  0x0000013fa0e9a000 JavaThread "Unconstrained build operations Thread 2" [_thread_blocked, id=14608, stack(0x0000003da8500000,0x0000003da8600000)]
  0x0000013fa0e9c800 JavaThread "Unconstrained build operations Thread 3" [_thread_blocked, id=8928, stack(0x0000003da8600000,0x0000003da8700000)]
  0x0000013fa0e9d800 JavaThread "Unconstrained build operations Thread 4" [_thread_blocked, id=13728, stack(0x0000003da8700000,0x0000003da8800000)]
  0x0000013fa47bc000 JavaThread "Unconstrained build operations Thread 5" [_thread_blocked, id=14168, stack(0x0000003da8800000,0x0000003da8900000)]
  0x0000013fa47b9800 JavaThread "Unconstrained build operations Thread 6" [_thread_blocked, id=2728, stack(0x0000003da8900000,0x0000003da8a00000)]
  0x0000013fa47bb800 JavaThread "Unconstrained build operations Thread 7" [_thread_blocked, id=12692, stack(0x0000003da8a00000,0x0000003da8b00000)]
  0x0000013fa47bd000 JavaThread "Unconstrained build operations Thread 8" [_thread_blocked, id=8288, stack(0x0000003da8b00000,0x0000003da8c00000)]
  0x0000013fa47bd800 JavaThread "Unconstrained build operations Thread 9" [_thread_blocked, id=14300, stack(0x0000003da8c00000,0x0000003da8d00000)]
  0x0000013fa47be800 JavaThread "Unconstrained build operations Thread 10" [_thread_blocked, id=14256, stack(0x0000003da8d00000,0x0000003da8e00000)]
  0x0000013fa47b9000 JavaThread "Unconstrained build operations Thread 11" [_thread_blocked, id=6700, stack(0x0000003da8e00000,0x0000003da8f00000)]
  0x0000013fa47bf800 JavaThread "Unconstrained build operations Thread 12" [_thread_blocked, id=12084, stack(0x0000003da8f00000,0x0000003da9000000)]
  0x0000013fa47c0000 JavaThread "Unconstrained build operations Thread 13" [_thread_blocked, id=1396, stack(0x0000003da9000000,0x0000003da9100000)]
  0x0000013fa47ba800 JavaThread "Unconstrained build operations Thread 14" [_thread_blocked, id=7604, stack(0x0000003da9100000,0x0000003da9200000)]
  0x0000013fa47c4000 JavaThread "Unconstrained build operations Thread 15" [_thread_blocked, id=12812, stack(0x0000003da9200000,0x0000003da9300000)]
  0x0000013fa47c6800 JavaThread "Unconstrained build operations Thread 16" [_thread_blocked, id=13992, stack(0x0000003da9300000,0x0000003da9400000)]
  0x0000013fa47c2000 JavaThread "Unconstrained build operations Thread 17" [_thread_blocked, id=9160, stack(0x0000003da9400000,0x0000003da9500000)]
  0x0000013fa47c6000 JavaThread "Unconstrained build operations Thread 18" [_thread_blocked, id=15236, stack(0x0000003da9500000,0x0000003da9600000)]
  0x0000013fa47c1000 JavaThread "Unconstrained build operations Thread 19" [_thread_blocked, id=13600, stack(0x0000003da9600000,0x0000003da9700000)]
  0x0000013fa47c7800 JavaThread "Unconstrained build operations Thread 20" [_thread_blocked, id=14920, stack(0x0000003da9700000,0x0000003da9800000)]
  0x0000013fa47c2800 JavaThread "Unconstrained build operations Thread 21" [_thread_blocked, id=4028, stack(0x0000003da9800000,0x0000003da9900000)]
  0x0000013fa47c3800 JavaThread "Unconstrained build operations Thread 22" [_thread_blocked, id=10364, stack(0x0000003da9900000,0x0000003da9a00000)]
  0x0000013fa47c5000 JavaThread "Unconstrained build operations Thread 23" [_thread_blocked, id=14528, stack(0x0000003da9a00000,0x0000003da9b00000)]
  0x0000013fa2972000 JavaThread "Unconstrained build operations Thread 24" [_thread_blocked, id=10060, stack(0x0000003da9b00000,0x0000003da9c00000)]
  0x0000013fa2972800 JavaThread "Unconstrained build operations Thread 25" [_thread_blocked, id=9008, stack(0x0000003da9c00000,0x0000003da9d00000)]
  0x0000013fa2976000 JavaThread "Unconstrained build operations Thread 26" [_thread_blocked, id=2812, stack(0x0000003da9d00000,0x0000003da9e00000)]
  0x0000013fa2973800 JavaThread "Unconstrained build operations Thread 27" [_thread_blocked, id=8888, stack(0x0000003da9e00000,0x0000003da9f00000)]
  0x0000013fa2977000 JavaThread "Unconstrained build operations Thread 28" [_thread_blocked, id=12880, stack(0x0000003da9f00000,0x0000003daa000000)]
  0x0000013fa2974800 JavaThread "Unconstrained build operations Thread 29" [_thread_blocked, id=9012, stack(0x0000003daa000000,0x0000003daa100000)]
  0x0000013fa2975000 JavaThread "Unconstrained build operations Thread 30" [_thread_blocked, id=5964, stack(0x0000003daa100000,0x0000003daa200000)]
  0x0000013fa2971000 JavaThread "Unconstrained build operations Thread 31" [_thread_blocked, id=14092, stack(0x0000003daa200000,0x0000003daa300000)]
  0x0000013fa297c800 JavaThread "Unconstrained build operations Thread 32" [_thread_blocked, id=3048, stack(0x0000003daa300000,0x0000003daa400000)]
  0x0000013fa297b800 JavaThread "Unconstrained build operations Thread 33" [_thread_blocked, id=10396, stack(0x0000003daa400000,0x0000003daa500000)]
  0x0000013fa297a000 JavaThread "Unconstrained build operations Thread 34" [_thread_blocked, id=13132, stack(0x0000003daa500000,0x0000003daa600000)]
  0x0000013fa297d800 JavaThread "Unconstrained build operations Thread 35" [_thread_blocked, id=7360, stack(0x0000003daa600000,0x0000003daa700000)]
  0x0000013fa2977800 JavaThread "Unconstrained build operations Thread 36" [_thread_blocked, id=864, stack(0x0000003daa700000,0x0000003daa800000)]
  0x0000013fa2979800 JavaThread "Unconstrained build operations Thread 37" [_thread_blocked, id=4792, stack(0x0000003daa800000,0x0000003daa900000)]
  0x0000013fa297b000 JavaThread "Unconstrained build operations Thread 38" [_thread_blocked, id=9348, stack(0x0000003daa900000,0x0000003daaa00000)]
  0x0000013fa297e000 JavaThread "Unconstrained build operations Thread 39" [_thread_blocked, id=12264, stack(0x0000003daaa00000,0x0000003daab00000)]
  0x0000013fa2978800 JavaThread "Unconstrained build operations Thread 40" [_thread_blocked, id=4636, stack(0x0000003daab00000,0x0000003daac00000)]
  0x0000013fa297f000 JavaThread "jar transforms Thread 4" [_thread_blocked, id=6260, stack(0x0000003daac00000,0x0000003daad00000)]
  0x0000013fa2980000 JavaThread "Memory manager" [_thread_blocked, id=12100, stack(0x0000003daad00000,0x0000003daae00000)]
  0x0000013f9f838800 JavaThread "build event listener" [_thread_blocked, id=12500, stack(0x0000003dab000000,0x0000003dab100000)]
  0x0000013f9f837000 JavaThread "Execution worker for ':'" [_thread_blocked, id=2724, stack(0x0000003dab100000,0x0000003dab200000)]
  0x0000013f9f839800 JavaThread "Execution worker for ':' Thread 2" [_thread_blocked, id=10124, stack(0x0000003dab200000,0x0000003dab300000)]
  0x0000013f9f83c000 JavaThread "Execution worker for ':' Thread 3" [_thread_blocked, id=13248, stack(0x0000003dab300000,0x0000003dab400000)]
  0x0000013f9f836000 JavaThread "Cache worker for execution history cache (C:\Users\moham\AndroidStudioProjects\VatApp\.gradle\7.3.3\executionHistory)" [_thread_blocked, id=12908, stack(0x0000003dab400000,0x0000003dab500000)]
  0x0000013f9f83c800 JavaThread "WorkerExecutor Queue" [_thread_blocked, id=14844, stack(0x0000003dab500000,0x0000003dab600000)]
  0x0000013f9f83d800 JavaThread "WorkerExecutor Queue Thread 2" [_thread_blocked, id=14064, stack(0x0000003dab600000,0x0000003dab700000)]
  0x0000013f9f838000 JavaThread "WorkerExecutor Queue Thread 3" [_thread_blocked, id=5388, stack(0x0000003dab700000,0x0000003dab800000)]
  0x0000013f9f83e800 JavaThread "pool-3-thread-1" [_thread_blocked, id=4364, stack(0x0000003dab800000,0x0000003dab900000)]
  0x0000013f9f83f000 JavaThread "stderr" [_thread_in_native, id=5944, stack(0x0000003dab900000,0x0000003daba00000)]
  0x0000013f9f840000 JavaThread "stdout" [_thread_in_native, id=3240, stack(0x0000003daba00000,0x0000003dabb00000)]
  0x0000013f9f83a000 JavaThread "WorkerExecutor Queue Thread 4" [_thread_blocked, id=10940, stack(0x0000003dabb00000,0x0000003dabc00000)]
  0x0000013f9f840800 JavaThread "RMI Scheduler(0)" daemon [_thread_blocked, id=9196, stack(0x0000003dabc00000,0x0000003dabd00000)]
=>0x0000013f9f841800 JavaThread "RMI RenewClean-[127.0.0.1:17763,org.jetbrains.kotlin.daemon.common.LoopbackNetworkInterface$ClientLoopbackSocketFactory@22d80208]" daemon [_thread_in_vm, id=14476, stack(0x0000003dabd00000,0x0000003dabe00000)]
  0x0000013f9f842800 JavaThread "RMI GC Daemon" daemon [_thread_blocked, id=3452, stack(0x0000003dabe00000,0x0000003dabf00000)]

Other Threads:
  0x0000013f9e19f000 VMThread "VM Thread" [stack: 0x0000003da5c00000,0x0000003da5d00000] [id=15292]
  0x0000013f9ec7d000 WatcherThread [stack: 0x0000003da6600000,0x0000003da6700000] [id=15132]
  0x0000013f83e36000 GCTaskThread "GC Thread#0" [stack: 0x0000003da5700000,0x0000003da5800000] [id=2180]
  0x0000013f9f15a800 GCTaskThread "GC Thread#1" [stack: 0x0000003da6800000,0x0000003da6900000] [id=8680]
  0x0000013f9f77f000 GCTaskThread "GC Thread#2" [stack: 0x0000003da6900000,0x0000003da6a00000] [id=1400]
  0x0000013fa0a18000 GCTaskThread "GC Thread#3" [stack: 0x0000003da6b00000,0x0000003da6c00000] [id=7972]
  0x0000013f83e66000 ConcurrentGCThread "G1 Main Marker" [stack: 0x0000003da5800000,0x0000003da5900000] [id=5236]
  0x0000013f83e68000 ConcurrentGCThread "G1 Conc#0" [stack: 0x0000003da5900000,0x0000003da5a00000] [id=10636]
  0x0000013f83efa000 ConcurrentGCThread "G1 Refine#0" [stack: 0x0000003da5a00000,0x0000003da5b00000] [id=13444]
  0x0000013f83efb000 ConcurrentGCThread "G1 Young RemSet Sampling" [stack: 0x0000003da5b00000,0x0000003da5c00000] [id=10148]

Threads with active compile tasks:
C2 CompilerThread0  57744 13672       4       java.lang.invoke.MethodType::makeImpl (108 bytes)

VM state:synchronizing (normal execution)

VM Mutex/Monitor currently owned by a thread:  ([mutex/lock_event])
[0x0000013f83e190c0] Threads_lock - owner thread: 0x0000013f9e19f000
[0x0000013f83e19ae0] Compile_lock - owner thread: 0x0000013f9f83c800

Heap address: 0x0000000080000000, size: 2048 MB, Compressed Oops mode: 32-bit
Narrow klass base: 0x0000000000000000, Narrow klass shift: 3
Compressed class space size: 1073741824 Address: 0x0000000100000000

Heap:
 garbage-first heap   total 157696K, used 119432K [0x0000000080000000, 0x0000000100000000)
  region size 1024K, 26 young (26624K), 4 survivors (4096K)
 Metaspace       used 104760K, capacity 107070K, committed 107340K, reserved 1142784K
  class space    used 13248K, capacity 14126K, committed 14208K, reserved 1048576K
Heap Regions: E=young(eden), S=young(survivor), O=old, HS=humongous(starts), HC=humongous(continues), CS=collection set, F=free, A=archive, TAMS=top-at-mark-start (previous, next)
|   0|0x0000000080000000, 0x0000000080100000, 0x0000000080100000|100%|HS|  |TAMS 0x0000000080100000, 0x0000000080000000| Complete 
|   1|0x0000000080100000, 0x0000000080200000, 0x0000000080200000|100%|HC|  |TAMS 0x0000000080200000, 0x0000000080100000| Complete 
|   2|0x0000000080200000, 0x0000000080300000, 0x0000000080300000|100%|HC|  |TAMS 0x0000000080300000, 0x0000000080200000| Complete 
|   3|0x0000000080300000, 0x0000000080400000, 0x0000000080400000|100%| O|  |TAMS 0x0000000080400000, 0x0000000080300000| Untracked 
|   4|0x0000000080400000, 0x0000000080500000, 0x0000000080500000|100%| O|  |TAMS 0x0000000080500000, 0x0000000080400000| Untracked 
|   5|0x0000000080500000, 0x0000000080600000, 0x0000000080600000|100%| O|  |TAMS 0x0000000080600000, 0x0000000080500000| Untracked 
|   6|0x0000000080600000, 0x0000000080700000, 0x0000000080700000|100%| O|  |TAMS 0x0000000080700000, 0x0000000080600000| Untracked 
|   7|0x0000000080700000, 0x0000000080800000, 0x0000000080800000|100%| O|  |TAMS 0x0000000080800000, 0x0000000080700000| Untracked 
|   8|0x0000000080800000, 0x0000000080900000, 0x0000000080900000|100%| O|  |TAMS 0x0000000080900000, 0x0000000080800000| Untracked 
|   9|0x0000000080900000, 0x0000000080a00000, 0x0000000080a00000|100%| O|  |TAMS 0x0000000080a00000, 0x0000000080900000| Untracked 
|  10|0x0000000080a00000, 0x0000000080b00000, 0x0000000080b00000|100%| O|  |TAMS 0x0000000080b00000, 0x0000000080a00000| Untracked 
|  11|0x0000000080b00000, 0x0000000080c00000, 0x0000000080c00000|100%| O|  |TAMS 0x0000000080c00000, 0x0000000080b00000| Untracked 
|  12|0x0000000080c00000, 0x0000000080d00000, 0x0000000080d00000|100%| O|  |TAMS 0x0000000080d00000, 0x0000000080c00000| Untracked 
|  13|0x0000000080d00000, 0x0000000080e00000, 0x0000000080e00000|100%| O|  |TAMS 0x0000000080e00000, 0x0000000080d00000| Untracked 
|  14|0x0000000080e00000, 0x0000000080f00000, 0x0000000080f00000|100%| O|  |TAMS 0x0000000080f00000, 0x0000000080e00000| Untracked 
|  15|0x0000000080f00000, 0x0000000081000000, 0x0000000081000000|100%| O|  |TAMS 0x0000000081000000, 0x0000000080f00000| Untracked 
|  16|0x0000000081000000, 0x0000000081100000, 0x0000000081100000|100%| O|  |TAMS 0x0000000081100000, 0x0000000081000000| Untracked 
|  17|0x0000000081100000, 0x0000000081200000, 0x0000000081200000|100%| O|  |TAMS 0x0000000081200000, 0x0000000081100000| Untracked 
|  18|0x0000000081200000, 0x0000000081300000, 0x0000000081300000|100%| O|  |TAMS 0x0000000081300000, 0x0000000081200000| Untracked 
|  19|0x0000000081300000, 0x0000000081400000, 0x0000000081400000|100%|HS|  |TAMS 0x0000000081400000, 0x0000000081300000| Complete 
|  20|0x0000000081400000, 0x0000000081500000, 0x0000000081500000|100%| O|  |TAMS 0x0000000081500000, 0x0000000081400000| Untracked 
|  21|0x0000000081500000, 0x0000000081600000, 0x0000000081600000|100%| O|  |TAMS 0x0000000081600000, 0x0000000081500000| Untracked 
|  22|0x0000000081600000, 0x0000000081700000, 0x0000000081700000|100%| O|  |TAMS 0x0000000081700000, 0x0000000081600000| Untracked 
|  23|0x0000000081700000, 0x0000000081800000, 0x0000000081800000|100%|HS|  |TAMS 0x0000000081800000, 0x0000000081700000| Complete 
|  24|0x0000000081800000, 0x0000000081900000, 0x0000000081900000|100%|HS|  |TAMS 0x0000000081900000, 0x0000000081800000| Complete 
|  25|0x0000000081900000, 0x0000000081a00000, 0x0000000081a00000|100%| O|  |TAMS 0x0000000081a00000, 0x0000000081900000| Untracked 
|  26|0x0000000081a00000, 0x0000000081b00000, 0x0000000081b00000|100%| O|  |TAMS 0x0000000081b00000, 0x0000000081a00000| Untracked 
|  27|0x0000000081b00000, 0x0000000081c00000, 0x0000000081c00000|100%| O|  |TAMS 0x0000000081c00000, 0x0000000081b00000| Untracked 
|  28|0x0000000081c00000, 0x0000000081d00000, 0x0000000081d00000|100%| O|  |TAMS 0x0000000081d00000, 0x0000000081c00000| Untracked 
|  29|0x0000000081d00000, 0x0000000081e00000, 0x0000000081e00000|100%|HS|  |TAMS 0x0000000081e00000, 0x0000000081d00000| Complete 
|  30|0x0000000081e00000, 0x0000000081f00000, 0x0000000081f00000|100%|HC|  |TAMS 0x0000000081f00000, 0x0000000081e00000| Complete 
|  31|0x0000000081f00000, 0x0000000082000000, 0x0000000082000000|100%|HC|  |TAMS 0x0000000082000000, 0x0000000081f00000| Complete 
|  32|0x0000000082000000, 0x0000000082100000, 0x0000000082100000|100%|HS|  |TAMS 0x0000000082100000, 0x0000000082000000| Complete 
|  33|0x0000000082100000, 0x0000000082200000, 0x0000000082200000|100%|HC|  |TAMS 0x0000000082200000, 0x0000000082100000| Complete 
|  34|0x0000000082200000, 0x0000000082300000, 0x0000000082300000|100%| O|  |TAMS 0x0000000082300000, 0x0000000082200000| Untracked 
|  35|0x0000000082300000, 0x0000000082400000, 0x0000000082400000|100%| O|  |TAMS 0x0000000082400000, 0x0000000082300000| Untracked 
|  36|0x0000000082400000, 0x0000000082500000, 0x0000000082500000|100%| O|  |TAMS 0x0000000082500000, 0x0000000082400000| Untracked 
|  37|0x0000000082500000, 0x0000000082600000, 0x0000000082600000|100%| O|  |TAMS 0x0000000082600000, 0x0000000082500000| Untracked 
|  38|0x0000000082600000, 0x0000000082700000, 0x0000000082700000|100%| O|  |TAMS 0x0000000082700000, 0x0000000082600000| Untracked 
|  39|0x0000000082700000, 0x0000000082800000, 0x0000000082800000|100%| O|  |TAMS 0x0000000082800000, 0x0000000082700000| Untracked 
|  40|0x0000000082800000, 0x0000000082900000, 0x0000000082900000|100%| O|  |TAMS 0x0000000082900000, 0x0000000082800000| Untracked 
|  41|0x0000000082900000, 0x0000000082a00000, 0x0000000082a00000|100%| O|  |TAMS 0x0000000082a00000, 0x0000000082900000| Untracked 
|  42|0x0000000082a00000, 0x0000000082b00000, 0x0000000082b00000|100%| O|  |TAMS 0x0000000082b00000, 0x0000000082a00000| Untracked 
|  43|0x0000000082b00000, 0x0000000082c00000, 0x0000000082c00000|100%| O|  |TAMS 0x0000000082c00000, 0x0000000082b00000| Untracked 
|  44|0x0000000082c00000, 0x0000000082d00000, 0x0000000082d00000|100%| O|  |TAMS 0x0000000082d00000, 0x0000000082c00000| Untracked 
|  45|0x0000000082d00000, 0x0000000082e00000, 0x0000000082e00000|100%| O|  |TAMS 0x0000000082e00000, 0x0000000082d00000| Untracked 
|  46|0x0000000082e00000, 0x0000000082f00000, 0x0000000082f00000|100%| O|  |TAMS 0x0000000082f00000, 0x0000000082e00000| Untracked 
|  47|0x0000000082f00000, 0x0000000083000000, 0x0000000083000000|100%| O|  |TAMS 0x0000000083000000, 0x0000000082f00000| Untracked 
|  48|0x0000000083000000, 0x0000000083100000, 0x0000000083100000|100%| O|  |TAMS 0x0000000083100000, 0x0000000083000000| Untracked 
|  49|0x0000000083100000, 0x0000000083200000, 0x0000000083200000|100%| O|  |TAMS 0x0000000083200000, 0x0000000083100000| Untracked 
|  50|0x0000000083200000, 0x0000000083300000, 0x0000000083300000|100%| O|  |TAMS 0x0000000083300000, 0x0000000083200000| Untracked 
|  51|0x0000000083300000, 0x0000000083400000, 0x0000000083400000|100%| O|  |TAMS 0x0000000083400000, 0x0000000083300000| Untracked 
|  52|0x0000000083400000, 0x0000000083500000, 0x0000000083500000|100%| O|  |TAMS 0x0000000083500000, 0x0000000083400000| Untracked 
|  53|0x0000000083500000, 0x0000000083600000, 0x0000000083600000|100%| O|  |TAMS 0x0000000083600000, 0x0000000083500000| Untracked 
|  54|0x0000000083600000, 0x0000000083700000, 0x0000000083700000|100%| O|  |TAMS 0x0000000083700000, 0x0000000083600000| Untracked 
|  55|0x0000000083700000, 0x0000000083800000, 0x0000000083800000|100%| O|  |TAMS 0x0000000083800000, 0x0000000083700000| Untracked 
|  56|0x0000000083800000, 0x0000000083900000, 0x0000000083900000|100%| O|  |TAMS 0x0000000083900000, 0x0000000083800000| Untracked 
|  57|0x0000000083900000, 0x0000000083a00000, 0x0000000083a00000|100%| O|  |TAMS 0x0000000083a00000, 0x0000000083900000| Untracked 
|  58|0x0000000083a00000, 0x0000000083b00000, 0x0000000083b00000|100%| O|  |TAMS 0x0000000083b00000, 0x0000000083a00000| Untracked 
|  59|0x0000000083b00000, 0x0000000083c00000, 0x0000000083c00000|100%| O|  |TAMS 0x0000000083c00000, 0x0000000083b00000| Untracked 
|  60|0x0000000083c00000, 0x0000000083d00000, 0x0000000083d00000|100%| O|  |TAMS 0x0000000083d00000, 0x0000000083c00000| Untracked 
|  61|0x0000000083d00000, 0x0000000083e00000, 0x0000000083e00000|100%| O|  |TAMS 0x0000000083e00000, 0x0000000083d00000| Untracked 
|  62|0x0000000083e00000, 0x0000000083f00000, 0x0000000083f00000|100%| O|  |TAMS 0x0000000083f00000, 0x0000000083e00000| Untracked 
|  63|0x0000000083f00000, 0x0000000084000000, 0x0000000084000000|100%| O|  |TAMS 0x0000000084000000, 0x0000000083f00000| Untracked 
|  64|0x0000000084000000, 0x0000000084100000, 0x0000000084100000|100%| O|  |TAMS 0x0000000084100000, 0x0000000084000000| Untracked 
|  65|0x0000000084100000, 0x0000000084200000, 0x0000000084200000|100%| O|  |TAMS 0x0000000084200000, 0x0000000084100000| Untracked 
|  66|0x0000000084200000, 0x0000000084300000, 0x0000000084300000|100%| O|  |TAMS 0x0000000084300000, 0x0000000084200000| Untracked 
|  67|0x0000000084300000, 0x0000000084400000, 0x0000000084400000|100%| O|  |TAMS 0x0000000084400000, 0x0000000084300000| Untracked 
|  68|0x0000000084400000, 0x0000000084500000, 0x0000000084500000|100%| O|  |TAMS 0x0000000084400000, 0x0000000084400000| Untracked 
|  69|0x0000000084500000, 0x0000000084600000, 0x0000000084600000|100%| O|  |TAMS 0x0000000084600000, 0x0000000084500000| Untracked 
|  70|0x0000000084600000, 0x0000000084700000, 0x0000000084700000|100%| O|  |TAMS 0x0000000084600000, 0x0000000084600000| Untracked 
|  71|0x0000000084700000, 0x0000000084800000, 0x0000000084800000|100%| O|  |TAMS 0x0000000084800000, 0x0000000084700000| Untracked 
|  72|0x0000000084800000, 0x0000000084900000, 0x0000000084900000|100%| O|  |TAMS 0x0000000084900000, 0x0000000084800000| Untracked 
|  73|0x0000000084900000, 0x0000000084a00000, 0x0000000084a00000|100%| O|  |TAMS 0x0000000084a00000, 0x0000000084900000| Untracked 
|  74|0x0000000084a00000, 0x0000000084b00000, 0x0000000084b00000|100%| O|  |TAMS 0x0000000084b00000, 0x0000000084a00000| Untracked 
|  75|0x0000000084b00000, 0x0000000084c00000, 0x0000000084c00000|100%| O|  |TAMS 0x0000000084c00000, 0x0000000084b00000| Untracked 
|  76|0x0000000084c00000, 0x0000000084d00000, 0x0000000084d00000|100%| O|  |TAMS 0x0000000084d00000, 0x0000000084c00000| Untracked 
|  77|0x0000000084d00000, 0x0000000084e00000, 0x0000000084e00000|100%| O|  |TAMS 0x0000000084e00000, 0x0000000084d00000| Untracked 
|  78|0x0000000084e00000, 0x0000000084f00000, 0x0000000084f00000|100%| O|  |TAMS 0x0000000084f00000, 0x0000000084e00000| Untracked 
|  79|0x0000000084f00000, 0x0000000085000000, 0x0000000085000000|100%| O|  |TAMS 0x0000000085000000, 0x0000000084f00000| Untracked 
|  80|0x0000000085000000, 0x0000000085100000, 0x0000000085100000|100%| O|  |TAMS 0x0000000085100000, 0x0000000085000000| Untracked 
|  81|0x0000000085100000, 0x0000000085200000, 0x0000000085200000|100%| O|  |TAMS 0x0000000085200000, 0x0000000085100000| Untracked 
|  82|0x0000000085200000, 0x0000000085300000, 0x0000000085300000|100%| O|  |TAMS 0x0000000085300000, 0x0000000085200000| Untracked 
|  83|0x0000000085300000, 0x0000000085400000, 0x0000000085400000|100%| O|  |TAMS 0x0000000085400000, 0x0000000085300000| Untracked 
|  84|0x0000000085400000, 0x0000000085500000, 0x0000000085500000|100%| O|  |TAMS 0x0000000085500000, 0x0000000085400000| Untracked 
|  85|0x0000000085500000, 0x0000000085600000, 0x0000000085600000|100%| O|  |TAMS 0x00000000855de600, 0x0000000085500000| Untracked 
|  86|0x0000000085600000, 0x0000000085700000, 0x0000000085700000|100%| O|  |TAMS 0x0000000085700000, 0x0000000085600000| Untracked 
|  87|0x0000000085700000, 0x00000000857de800, 0x0000000085800000| 86%| O|  |TAMS 0x0000000085700000, 0x0000000085700000| Untracked 
|  88|0x0000000085800000, 0x0000000085900000, 0x0000000085900000|100%| O|  |TAMS 0x0000000085900000, 0x0000000085800000| Untracked 
|  89|0x0000000085900000, 0x0000000085a00000, 0x0000000085a00000|100%| O|  |TAMS 0x0000000085a00000, 0x0000000085900000| Untracked 
|  90|0x0000000085a00000, 0x0000000085a00000, 0x0000000085b00000|  0%| F|  |TAMS 0x0000000085a00000, 0x0000000085a00000| Untracked 
|  91|0x0000000085b00000, 0x0000000085c00000, 0x0000000085c00000|100%| O|  |TAMS 0x0000000085c00000, 0x0000000085b00000| Untracked 
|  92|0x0000000085c00000, 0x0000000085d00000, 0x0000000085d00000|100%| O|  |TAMS 0x0000000085d00000, 0x0000000085c00000| Untracked 
|  93|0x0000000085d00000, 0x0000000085d00000, 0x0000000085e00000|  0%| F|  |TAMS 0x0000000085d00000, 0x0000000085d00000| Untracked 
|  94|0x0000000085e00000, 0x0000000085e00000, 0x0000000085f00000|  0%| F|  |TAMS 0x0000000085e00000, 0x0000000085e00000| Untracked 
|  95|0x0000000085f00000, 0x0000000085f00000, 0x0000000086000000|  0%| F|  |TAMS 0x0000000085f00000, 0x0000000085f00000| Untracked 
|  96|0x0000000086000000, 0x0000000086000000, 0x0000000086100000|  0%| F|  |TAMS 0x0000000086000000, 0x0000000086000000| Untracked 
|  97|0x0000000086100000, 0x0000000086100000, 0x0000000086200000|  0%| F|  |TAMS 0x0000000086100000, 0x0000000086100000| Untracked 
|  98|0x0000000086200000, 0x0000000086200000, 0x0000000086300000|  0%| F|  |TAMS 0x0000000086200000, 0x0000000086200000| Untracked 
|  99|0x0000000086300000, 0x0000000086300000, 0x0000000086400000|  0%| F|  |TAMS 0x0000000086300000, 0x0000000086300000| Untracked 
| 100|0x0000000086400000, 0x0000000086400000, 0x0000000086500000|  0%| F|  |TAMS 0x0000000086400000, 0x0000000086400000| Untracked 
| 101|0x0000000086500000, 0x0000000086500000, 0x0000000086600000|  0%| F|  |TAMS 0x0000000086500000, 0x0000000086500000| Untracked 
| 102|0x0000000086600000, 0x0000000086600000, 0x0000000086700000|  0%| F|  |TAMS 0x0000000086600000, 0x0000000086600000| Untracked 
| 103|0x0000000086700000, 0x0000000086700000, 0x0000000086800000|  0%| F|  |TAMS 0x0000000086700000, 0x0000000086700000| Untracked 
| 104|0x0000000086800000, 0x0000000086800000, 0x0000000086900000|  0%| F|  |TAMS 0x0000000086800000, 0x0000000086800000| Untracked 
| 105|0x0000000086900000, 0x0000000086900000, 0x0000000086a00000|  0%| F|  |TAMS 0x0000000086900000, 0x0000000086900000| Untracked 
| 106|0x0000000086a00000, 0x0000000086a00000, 0x0000000086b00000|  0%| F|  |TAMS 0x0000000086a00000, 0x0000000086a00000| Untracked 
| 107|0x0000000086b00000, 0x0000000086b00000, 0x0000000086c00000|  0%| F|  |TAMS 0x0000000086b00000, 0x0000000086b00000| Untracked 
| 108|0x0000000086c00000, 0x0000000086c00000, 0x0000000086d00000|  0%| F|  |TAMS 0x0000000086c00000, 0x0000000086c00000| Untracked 
| 109|0x0000000086d00000, 0x0000000086d00000, 0x0000000086e00000|  0%| F|  |TAMS 0x0000000086d00000, 0x0000000086d00000| Untracked 
| 110|0x0000000086e00000, 0x0000000086e00000, 0x0000000086f00000|  0%| F|  |TAMS 0x0000000086e00000, 0x0000000086e00000| Untracked 
| 111|0x0000000086f00000, 0x0000000086f00000, 0x0000000087000000|  0%| F|  |TAMS 0x0000000086f00000, 0x0000000086f00000| Untracked 
| 112|0x0000000087000000, 0x0000000087000000, 0x0000000087100000|  0%| F|  |TAMS 0x0000000087000000, 0x0000000087000000| Untracked 
| 113|0x0000000087100000, 0x0000000087100000, 0x0000000087200000|  0%| F|  |TAMS 0x0000000087100000, 0x0000000087100000| Untracked 
| 114|0x0000000087200000, 0x0000000087200000, 0x0000000087300000|  0%| F|  |TAMS 0x0000000087200000, 0x0000000087200000| Untracked 
| 115|0x0000000087300000, 0x0000000087300000, 0x0000000087400000|  0%| F|  |TAMS 0x0000000087300000, 0x0000000087300000| Untracked 
| 116|0x0000000087400000, 0x00000000874c39c0, 0x0000000087500000| 76%| S|CS|TAMS 0x0000000087400000, 0x0000000087400000| Complete 
| 117|0x0000000087500000, 0x0000000087600000, 0x0000000087600000|100%| S|CS|TAMS 0x0000000087500000, 0x0000000087500000| Complete 
| 118|0x0000000087600000, 0x0000000087700000, 0x0000000087700000|100%| S|CS|TAMS 0x0000000087600000, 0x0000000087600000| Complete 
| 119|0x0000000087700000, 0x0000000087800000, 0x0000000087800000|100%| S|CS|TAMS 0x0000000087700000, 0x0000000087700000| Complete 
| 120|0x0000000087800000, 0x0000000087800000, 0x0000000087900000|  0%| F|  |TAMS 0x0000000087800000, 0x0000000087800000| Untracked 
| 121|0x0000000087900000, 0x0000000087900000, 0x0000000087a00000|  0%| F|  |TAMS 0x0000000087900000, 0x0000000087900000| Untracked 
| 122|0x0000000087a00000, 0x0000000087a00000, 0x0000000087b00000|  0%| F|  |TAMS 0x0000000087a00000, 0x0000000087a00000| Untracked 
| 123|0x0000000087b00000, 0x0000000087b00000, 0x0000000087c00000|  0%| F|  |TAMS 0x0000000087b00000, 0x0000000087b00000| Untracked 
| 124|0x0000000087c00000, 0x0000000087c00000, 0x0000000087d00000|  0%| F|  |TAMS 0x0000000087c00000, 0x0000000087c00000| Untracked 
| 125|0x0000000087d00000, 0x0000000087d00000, 0x0000000087e00000|  0%| F|  |TAMS 0x0000000087d00000, 0x0000000087d00000| Untracked 
| 126|0x0000000087e00000, 0x0000000087e00000, 0x0000000087f00000|  0%| F|  |TAMS 0x0000000087e00000, 0x0000000087e00000| Untracked 
| 127|0x0000000087f00000, 0x0000000087f00000, 0x0000000088000000|  0%| F|  |TAMS 0x0000000087f00000, 0x0000000087f00000| Untracked 
| 128|0x0000000088000000, 0x0000000088000000, 0x0000000088100000|  0%| F|  |TAMS 0x0000000088000000, 0x0000000088000000| Untracked 
| 129|0x0000000088100000, 0x0000000088100000, 0x0000000088200000|  0%| F|  |TAMS 0x0000000088100000, 0x0000000088100000| Untracked 
| 130|0x0000000088200000, 0x0000000088200000, 0x0000000088300000|  0%| F|  |TAMS 0x0000000088200000, 0x0000000088200000| Untracked 
| 131|0x0000000088300000, 0x0000000088300000, 0x0000000088400000|  0%| F|  |TAMS 0x0000000088300000, 0x0000000088300000| Untracked 
| 132|0x0000000088400000, 0x00000000884a81d0, 0x0000000088500000| 65%| E|  |TAMS 0x0000000088400000, 0x0000000088400000| Complete 
| 133|0x0000000088500000, 0x0000000088600000, 0x0000000088600000|100%| E|CS|TAMS 0x0000000088500000, 0x0000000088500000| Complete 
| 134|0x0000000088600000, 0x0000000088700000, 0x0000000088700000|100%| E|CS|TAMS 0x0000000088600000, 0x0000000088600000| Complete 
| 135|0x0000000088700000, 0x0000000088800000, 0x0000000088800000|100%| E|CS|TAMS 0x0000000088700000, 0x0000000088700000| Complete 
| 136|0x0000000088800000, 0x0000000088900000, 0x0000000088900000|100%| E|CS|TAMS 0x0000000088800000, 0x0000000088800000| Complete 
| 137|0x0000000088900000, 0x0000000088a00000, 0x0000000088a00000|100%| E|CS|TAMS 0x0000000088900000, 0x0000000088900000| Complete 
| 138|0x0000000088a00000, 0x0000000088b00000, 0x0000000088b00000|100%| E|CS|TAMS 0x0000000088a00000, 0x0000000088a00000| Complete 
| 139|0x0000000088b00000, 0x0000000088c00000, 0x0000000088c00000|100%| E|CS|TAMS 0x0000000088b00000, 0x0000000088b00000| Complete 
| 140|0x0000000088c00000, 0x0000000088d00000, 0x0000000088d00000|100%| E|CS|TAMS 0x0000000088c00000, 0x0000000088c00000| Complete 
| 141|0x0000000088d00000, 0x0000000088e00000, 0x0000000088e00000|100%| E|CS|TAMS 0x0000000088d00000, 0x0000000088d00000| Complete 
| 142|0x0000000088e00000, 0x0000000088f00000, 0x0000000088f00000|100%| E|CS|TAMS 0x0000000088e00000, 0x0000000088e00000| Complete 
| 143|0x0000000088f00000, 0x0000000089000000, 0x0000000089000000|100%| E|CS|TAMS 0x0000000088f00000, 0x0000000088f00000| Complete 
| 144|0x0000000089000000, 0x0000000089100000, 0x0000000089100000|100%| E|CS|TAMS 0x0000000089000000, 0x0000000089000000| Complete 
| 145|0x0000000089100000, 0x0000000089200000, 0x0000000089200000|100%| E|CS|TAMS 0x0000000089100000, 0x0000000089100000| Complete 
| 146|0x0000000089200000, 0x0000000089300000, 0x0000000089300000|100%| E|CS|TAMS 0x0000000089200000, 0x0000000089200000| Complete 
| 147|0x0000000089300000, 0x0000000089400000, 0x0000000089400000|100%| E|CS|TAMS 0x0000000089300000, 0x0000000089300000| Complete 
| 148|0x0000000089400000, 0x0000000089500000, 0x0000000089500000|100%| E|CS|TAMS 0x0000000089400000, 0x0000000089400000| Complete 
| 149|0x0000000089500000, 0x0000000089600000, 0x0000000089600000|100%| E|CS|TAMS 0x0000000089500000, 0x0000000089500000| Complete 
| 150|0x0000000089600000, 0x0000000089700000, 0x0000000089700000|100%| E|CS|TAMS 0x0000000089600000, 0x0000000089600000| Complete 
| 151|0x0000000089700000, 0x0000000089800000, 0x0000000089800000|100%| E|CS|TAMS 0x0000000089700000, 0x0000000089700000| Complete 
| 152|0x0000000089800000, 0x0000000089900000, 0x0000000089900000|100%| E|CS|TAMS 0x0000000089800000, 0x0000000089800000| Complete 
| 153|0x0000000089900000, 0x0000000089a00000, 0x0000000089a00000|100%| E|CS|TAMS 0x0000000089900000, 0x0000000089900000| Complete 

Card table byte_map: [0x0000013f97360000,0x0000013f97760000] _byte_map_base: 0x0000013f96f60000

Marking Bits (Prev, Next): (CMBitMap*) 0x0000013f83e5d270, (CMBitMap*) 0x0000013f83e5d238
 Prev Bits: [0x0000013f99b60000, 0x0000013f9bb60000)
 Next Bits: [0x0000013f97b60000, 0x0000013f99b60000)

Polling page: 0x0000013f82500000

Metaspace:

Usage:
  Non-class:     90.77 MB capacity,    89.37 MB ( 98%) used,     1.12 MB (  1%) free+waste,   287.94 KB ( <1%) overhead. 
      Class:     13.79 MB capacity,    12.94 MB ( 94%) used,   749.73 KB (  5%) free+waste,   127.38 KB ( <1%) overhead. 
       Both:    104.56 MB capacity,   102.31 MB ( 98%) used,     1.85 MB (  2%) free+waste,   415.31 KB ( <1%) overhead. 

Virtual space:
  Non-class space:       92.00 MB reserved,      90.95 MB ( 99%) committed 
      Class space:        1.00 GB reserved,      13.88 MB (  1%) committed 
             Both:        1.09 GB reserved,     104.82 MB (  9%) committed 

Chunk freelists:
   Non-Class:  60.00 KB
       Class:  0 bytes
        Both:  60.00 KB

MaxMetaspaceSize: 17179869184.00 GB
CompressedClassSpaceSize: 1.00 GB
Initial GC threshold: 20.80 MB
Current GC threshold: 166.38 MB
CDS: off

CodeHeap 'non-profiled nmethods': size=120064Kb used=7816Kb max_used=7816Kb free=112248Kb
 bounds [0x0000013f8f3f0000, 0x0000013f8fba0000, 0x0000013f96930000]
CodeHeap 'profiled nmethods': size=120000Kb used=30627Kb max_used=30627Kb free=89372Kb
 bounds [0x0000013f87ec0000, 0x0000013f89cb0000, 0x0000013f8f3f0000]
CodeHeap 'non-nmethods': size=5696Kb used=2441Kb max_used=2469Kb free=3255Kb
 bounds [0x0000013f87930000, 0x0000013f87bb0000, 0x0000013f87ec0000]
 total_blobs=14451 nmethods=13481 adapters=881
 compilation: enabled
              stopped_count=0, restarted_count=0
 full_count=0

Compilation events (20 events):
Event: 57.583 Thread 0x0000013f9e1d3000 13695       3       java.lang.invoke.ClassSpecializer::className (33 bytes)
Event: 57.583 Thread 0x0000013f9e1d3000 nmethod 13695 0x0000013f89ca2090 code [0x0000013f89ca2260, 0x0000013f89ca2448]
Event: 57.583 Thread 0x0000013f9e1d3000 13698       3       java.lang.invoke.LambdaFormBuffer::clearDuplicatesAndNulls (268 bytes)
Event: 57.584 Thread 0x0000013f9e1d3000 nmethod 13698 0x0000013f89ca2510 code [0x0000013f89ca27c0, 0x0000013f89ca3838]
Event: 57.584 Thread 0x0000013f9e1d3000 13700       3       java.lang.invoke.ClassSpecializer::classSig (94 bytes)
Event: 57.585 Thread 0x0000013f9e1d3000 nmethod 13700 0x0000013f89ca3d10 code [0x0000013f89ca3f80, 0x0000013f89ca4798]
Event: 57.585 Thread 0x0000013f9e1d3000 13701       3       java.lang.invoke.ClassSpecializer$Factory$1Var::emitVarInstruction (73 bytes)
Event: 57.586 Thread 0x0000013f9e1d3000 nmethod 13701 0x0000013f89ca4a90 code [0x0000013f89ca4d40, 0x0000013f89ca5878]
Event: 57.586 Thread 0x0000013f9e1d3000 13702       3       java.lang.invoke.ClassSpecializer$Factory::typeLoadOp (90 bytes)
Event: 57.586 Thread 0x0000013f9e1d3000 nmethod 13702 0x0000013f89ca5d10 code [0x0000013f89ca5f80, 0x0000013f89ca6978]
Event: 57.586 Thread 0x0000013f9e1d3000 13690       3       java.lang.invoke.MethodHandles$Lookup::getDirectField (12 bytes)
Event: 57.587 Thread 0x0000013f9e1d3000 nmethod 13690 0x0000013f89ca6c90 code [0x0000013f89ca6e40, 0x0000013f89ca6f68]
Event: 57.587 Thread 0x0000013f9e1d3000 13704       3       java.lang.invoke.MemberName::<init> (25 bytes)
Event: 57.587 Thread 0x0000013f9e1d3000 nmethod 13704 0x0000013f89ca7010 code [0x0000013f89ca71e0, 0x0000013f89ca7408]
Event: 57.588 Thread 0x0000013f9e1d3000 13708       2       java.util.ArrayList::rangeCheckForAdd (26 bytes)
Event: 57.588 Thread 0x0000013f9e1d3000 nmethod 13708 0x0000013f89ca7510 code [0x0000013f89ca7720, 0x0000013f89ca7a48]
Event: 57.588 Thread 0x0000013f9e1d3000 13709       3       java.lang.invoke.MethodType::changeReturnType (20 bytes)
Event: 57.588 Thread 0x0000013f9e1d3000 nmethod 13709 0x0000013f89ca7c90 code [0x0000013f89ca7e40, 0x0000013f89ca7fe8]
Event: 57.608 Thread 0x0000013f9e1d3000 13715   !   3       java.io.ObjectStreamClass::getPrivateMethod (56 bytes)
Event: 57.609 Thread 0x0000013f9e1d3000 nmethod 13715 0x0000013f89ca8090 code [0x0000013f89ca82c0, 0x0000013f89ca89d8]

GC Heap History (20 events):
Event: 44.894 GC heap before
{Heap before GC invocations=30 (full 0):
 garbage-first heap   total 157696K, used 103537K [0x0000000080000000, 0x0000000100000000)
  region size 1024K, 7 young (7168K), 3 survivors (3072K)
 Metaspace       used 94169K, capacity 96199K, committed 96460K, reserved 1132544K
  class space    used 11953K, capacity 12734K, committed 12800K, reserved 1048576K
}
Event: 44.903 GC heap after
{Heap after GC invocations=31 (full 0):
 garbage-first heap   total 157696K, used 90417K [0x0000000080000000, 0x0000000100000000)
  region size 1024K, 1 young (1024K), 1 survivors (1024K)
 Metaspace       used 94169K, capacity 96199K, committed 96460K, reserved 1132544K
  class space    used 11953K, capacity 12734K, committed 12800K, reserved 1048576K
}
Event: 45.524 GC heap before
{Heap before GC invocations=31 (full 0):
 garbage-first heap   total 157696K, used 121137K [0x0000000080000000, 0x0000000100000000)
  region size 1024K, 32 young (32768K), 1 survivors (1024K)
 Metaspace       used 94634K, capacity 96696K, committed 96972K, reserved 1134592K
  class space    used 11978K, capacity 12766K, committed 12800K, reserved 1048576K
}
Event: 45.534 GC heap after
{Heap after GC invocations=32 (full 0):
 garbage-first heap   total 157696K, used 94859K [0x0000000080000000, 0x0000000100000000)
  region size 1024K, 4 young (4096K), 4 survivors (4096K)
 Metaspace       used 94634K, capacity 96696K, committed 96972K, reserved 1134592K
  class space    used 11978K, capacity 12766K, committed 12800K, reserved 1048576K
}
Event: 46.320 GC heap before
{Heap before GC invocations=33 (full 0):
 garbage-first heap   total 157696K, used 123531K [0x0000000080000000, 0x0000000100000000)
  region size 1024K, 33 young (33792K), 4 survivors (4096K)
 Metaspace       used 95315K, capacity 97486K, committed 97612K, reserved 1134592K
  class space    used 12062K, capacity 12872K, committed 12928K, reserved 1048576K
}
Event: 46.332 GC heap after
{Heap after GC invocations=34 (full 0):
 garbage-first heap   total 157696K, used 96737K [0x0000000080000000, 0x0000000100000000)
  region size 1024K, 5 young (5120K), 5 survivors (5120K)
 Metaspace       used 95315K, capacity 97486K, committed 97612K, reserved 1134592K
  class space    used 12062K, capacity 12872K, committed 12928K, reserved 1048576K
}
Event: 46.367 GC heap before
{Heap before GC invocations=34 (full 0):
 garbage-first heap   total 157696K, used 97761K [0x0000000080000000, 0x0000000100000000)
  region size 1024K, 7 young (7168K), 5 survivors (5120K)
 Metaspace       used 95316K, capacity 97486K, committed 97612K, reserved 1134592K
  class space    used 12062K, capacity 12872K, committed 12928K, reserved 1048576K
}
Event: 46.375 GC heap after
{Heap after GC invocations=35 (full 0):
 garbage-first heap   total 157696K, used 92898K [0x0000000080000000, 0x0000000100000000)
  region size 1024K, 1 young (1024K), 1 survivors (1024K)
 Metaspace       used 95316K, capacity 97486K, committed 97612K, reserved 1134592K
  class space    used 12062K, capacity 12872K, committed 12928K, reserved 1048576K
}
Event: 46.780 GC heap before
{Heap before GC invocations=35 (full 0):
 garbage-first heap   total 157696K, used 123618K [0x0000000080000000, 0x0000000100000000)
  region size 1024K, 32 young (32768K), 1 survivors (1024K)
 Metaspace       used 95993K, capacity 98132K, committed 98252K, reserved 1134592K
  class space    used 12136K, capacity 12947K, committed 13056K, reserved 1048576K
}
Event: 46.786 GC heap after
{Heap after GC invocations=36 (full 0):
 garbage-first heap   total 157696K, used 93873K [0x0000000080000000, 0x0000000100000000)
  region size 1024K, 2 young (2048K), 2 survivors (2048K)
 Metaspace       used 95993K, capacity 98132K, committed 98252K, reserved 1134592K
  class space    used 12136K, capacity 12947K, committed 13056K, reserved 1048576K
}
Event: 47.603 GC heap before
{Heap before GC invocations=37 (full 0):
 garbage-first heap   total 157696K, used 123569K [0x0000000080000000, 0x0000000100000000)
  region size 1024K, 33 young (33792K), 2 survivors (2048K)
 Metaspace       used 97478K, capacity 99586K, committed 99660K, reserved 1136640K
  class space    used 12345K, capacity 13175K, committed 13184K, reserved 1048576K
}
Event: 47.609 GC heap after
{Heap after GC invocations=38 (full 0):
 garbage-first heap   total 157696K, used 93761K [0x0000000080000000, 0x0000000100000000)
  region size 1024K, 3 young (3072K), 3 survivors (3072K)
 Metaspace       used 97478K, capacity 99586K, committed 99660K, reserved 1136640K
  class space    used 12345K, capacity 13175K, committed 13184K, reserved 1048576K
}
Event: 47.680 GC heap before
{Heap before GC invocations=38 (full 0):
 garbage-first heap   total 157696K, used 96833K [0x0000000080000000, 0x0000000100000000)
  region size 1024K, 7 young (7168K), 3 survivors (3072K)
 Metaspace       used 97848K, capacity 99938K, committed 100044K, reserved 1136640K
  class space    used 12389K, capacity 13207K, committed 13312K, reserved 1048576K
}
Event: 47.687 GC heap after
{Heap after GC invocations=39 (full 0):
 garbage-first heap   total 157696K, used 90888K [0x0000000080000000, 0x0000000100000000)
  region size 1024K, 1 young (1024K), 1 survivors (1024K)
 Metaspace       used 97848K, capacity 99938K, committed 100044K, reserved 1136640K
  class space    used 12389K, capacity 13207K, committed 13312K, reserved 1048576K
}
Event: 52.465 GC heap before
{Heap before GC invocations=39 (full 0):
 garbage-first heap   total 157696K, used 124680K [0x0000000080000000, 0x0000000100000000)
  region size 1024K, 34 young (34816K), 1 survivors (1024K)
 Metaspace       used 99679K, capacity 101845K, committed 101964K, reserved 1138688K
  class space    used 12596K, capacity 13417K, committed 13440K, reserved 1048576K
}
Event: 52.475 GC heap after
{Heap after GC invocations=40 (full 0):
 garbage-first heap   total 157696K, used 96121K [0x0000000080000000, 0x0000000100000000)
  region size 1024K, 5 young (5120K), 5 survivors (5120K)
 Metaspace       used 99679K, capacity 101845K, committed 101964K, reserved 1138688K
  class space    used 12596K, capacity 13417K, committed 13440K, reserved 1048576K
}
Event: 53.187 GC heap before
{Heap before GC invocations=41 (full 0):
 garbage-first heap   total 157696K, used 126841K [0x0000000080000000, 0x0000000100000000)
  region size 1024K, 36 young (36864K), 5 survivors (5120K)
 Metaspace       used 100508K, capacity 102718K, committed 102860K, reserved 1138688K
  class space    used 12693K, capacity 13516K, committed 13568K, reserved 1048576K
}
Event: 53.195 GC heap after
{Heap after GC invocations=42 (full 0):
 garbage-first heap   total 157696K, used 95666K [0x0000000080000000, 0x0000000100000000)
  region size 1024K, 2 young (2048K), 2 survivors (2048K)
 Metaspace       used 100508K, capacity 102718K, committed 102860K, reserved 1138688K
  class space    used 12693K, capacity 13516K, committed 13568K, reserved 1048576K
}
Event: 53.872 GC heap before
{Heap before GC invocations=42 (full 0):
 garbage-first heap   total 157696K, used 128434K [0x0000000080000000, 0x0000000100000000)
  region size 1024K, 34 young (34816K), 2 survivors (2048K)
 Metaspace       used 102513K, capacity 104668K, committed 104908K, reserved 1140736K
  class space    used 12920K, capacity 13716K, committed 13824K, reserved 1048576K
}
Event: 53.879 GC heap after
{Heap after GC invocations=43 (full 0):
 garbage-first heap   total 157696K, used 97928K [0x0000000080000000, 0x0000000100000000)
  region size 1024K, 4 young (4096K), 4 survivors (4096K)
 Metaspace       used 102513K, capacity 104668K, committed 104908K, reserved 1140736K
  class space    used 12920K, capacity 13716K, committed 13824K, reserved 1048576K
}

Deoptimization events (20 events):
Event: 57.489 Thread 0x0000013f9f83c800 Uncommon trap: trap_request=0xffffffc6 fr.pc=0x0000013f8fa87158 relative=0x0000000000000658
Event: 57.489 Thread 0x0000013f9f83c800 Uncommon trap: reason=bimorphic_or_optimized_type_check action=maybe_recompile pc=0x0000013f8fa87158 method=java.io.ObjectOutputStream$BlockDataOutputStream.drain()V @ 36 c2
Event: 57.489 Thread 0x0000013f9f83c800 DEOPT PACKING pc=0x0000013f8fa87158 sp=0x0000003dab5fd400
Event: 57.489 Thread 0x0000013f9f83c800 DEOPT UNPACKING pc=0x0000013f8797a1af sp=0x0000003dab5fd3c0 mode 2
Event: 57.489 Thread 0x0000013f9f83c800 Uncommon trap: trap_request=0xffffffc6 fr.pc=0x0000013f8fa87158 relative=0x0000000000000658
Event: 57.489 Thread 0x0000013f9f83c800 Uncommon trap: reason=bimorphic_or_optimized_type_check action=maybe_recompile pc=0x0000013f8fa87158 method=java.io.ObjectOutputStream$BlockDataOutputStream.drain()V @ 36 c2
Event: 57.489 Thread 0x0000013f9f83c800 DEOPT PACKING pc=0x0000013f8fa87158 sp=0x0000003dab5fd400
Event: 57.489 Thread 0x0000013f9f83c800 DEOPT UNPACKING pc=0x0000013f8797a1af sp=0x0000003dab5fd3c0 mode 2
Event: 57.545 Thread 0x0000013f9f83c800 Uncommon trap: trap_request=0xffffff4d fr.pc=0x0000013f8f510af8 relative=0x0000000000000058
Event: 57.545 Thread 0x0000013f9f83c800 Uncommon trap: reason=unstable_if action=reinterpret pc=0x0000013f8f510af8 method=java.util.Objects.equals(Ljava/lang/Object;Ljava/lang/Object;)Z @ 6 c2
Event: 57.545 Thread 0x0000013f9f83c800 DEOPT PACKING pc=0x0000013f8f510af8 sp=0x0000003dab5fcc80
Event: 57.545 Thread 0x0000013f9f83c800 DEOPT UNPACKING pc=0x0000013f8797a1af sp=0x0000003dab5fcc20 mode 2
Event: 57.604 Thread 0x0000013f9f83c800 Uncommon trap: trap_request=0xffffff4d fr.pc=0x0000013f8f555a70 relative=0x0000000000000910
Event: 57.604 Thread 0x0000013f9f83c800 Uncommon trap: reason=unstable_if action=reinterpret pc=0x0000013f8f555a70 method=java.util.WeakHashMap.eq(Ljava/lang/Object;Ljava/lang/Object;)Z @ 2 c2
Event: 57.604 Thread 0x0000013f9f83c800 DEOPT PACKING pc=0x0000013f8f555a70 sp=0x0000003dab5fceb0
Event: 57.604 Thread 0x0000013f9f83c800 DEOPT UNPACKING pc=0x0000013f8797a1af sp=0x0000003dab5fce20 mode 2
Event: 57.606 Thread 0x0000013f9f83c800 Uncommon trap: trap_request=0xffffffc6 fr.pc=0x0000013f8fa87158 relative=0x0000000000000658
Event: 57.606 Thread 0x0000013f9f83c800 Uncommon trap: reason=bimorphic_or_optimized_type_check action=maybe_recompile pc=0x0000013f8fa87158 method=java.io.ObjectOutputStream$BlockDataOutputStream.drain()V @ 36 c2
Event: 57.606 Thread 0x0000013f9f83c800 DEOPT PACKING pc=0x0000013f8fa87158 sp=0x0000003dab5fcd50
Event: 57.606 Thread 0x0000013f9f83c800 DEOPT UNPACKING pc=0x0000013f8797a1af sp=0x0000003dab5fcd10 mode 2

Classes redefined (0 events):
No events

Internal exceptions (20 events):
Event: 52.543 Thread 0x0000013f9f83d800 Implicit null exception at 0x0000013f8fab5d78 to 0x0000013f8fab5ef0
Event: 53.843 Thread 0x0000013fa1455800 Implicit null exception at 0x0000013f8f7eceac to 0x0000013f8f7eceeb
Event: 53.971 Thread 0x0000013fa1455800 Exception <a 'java/lang/NoSuchMethodError'{0x00000000895b8118}: 'int java.lang.invoke.DirectMethodHandle$Holder.invokeSpecial(java.lang.Object, java.lang.Object, java.lang.Object, java.lang.Object, java.lang.Object)'> (0x00000000895b8118) thrown at [./src/hotspot/share/interpreter/linkResolver.cpp, line 773]
Event: 54.418 Thread 0x0000013fa1455800 Implicit null exception at 0x0000013f8f42d7f4 to 0x0000013f8f42dd08
Event: 54.564 Thread 0x0000013fa1455800 Exception <a 'java/lang/NoSuchMethodError'{0x0000000088c924a0}: <clinit>> (0x0000000088c924a0) thrown at [./src/hotspot/share/prims/jni.cpp, line 1365]
Event: 54.567 Thread 0x0000013fa1455800 Exception <a 'java/lang/NoSuchMethodError'{0x0000000088cbb780}: <clinit>> (0x0000000088cbb780) thrown at [./src/hotspot/share/prims/jni.cpp, line 1365]
Event: 54.567 Thread 0x0000013fa1455800 Exception <a 'java/lang/NoSuchMethodError'{0x0000000088cbd7f0}: <clinit>> (0x0000000088cbd7f0) thrown at [./src/hotspot/share/prims/jni.cpp, line 1365]
Event: 54.597 Thread 0x0000013fa1455800 Exception <a 'java/lang/NoSuchMethodError'{0x0000000088b32798}: <clinit>> (0x0000000088b32798) thrown at [./src/hotspot/share/prims/jni.cpp, line 1365]
Event: 57.552 Thread 0x0000013f9f83c800 Exception <a 'java/lang/NoSuchMethodError'{0x00000000886d87f0}: <clinit>> (0x00000000886d87f0) thrown at [./src/hotspot/share/prims/jni.cpp, line 1365]
Event: 57.553 Thread 0x0000013f9f83c800 Exception <a 'java/lang/NoSuchMethodError'{0x00000000886e4618}: <clinit>> (0x00000000886e4618) thrown at [./src/hotspot/share/prims/jni.cpp, line 1365]
Event: 57.577 Thread 0x0000013f9f83c800 Exception <a 'java/lang/NoSuchMethodError'{0x0000000088583cf0}: 'java.lang.Object java.lang.invoke.DirectMethodHandle$Holder.invokeSpecial(java.lang.Object, java.lang.Object, int, int, java.lang.Object, int, java.lang.Object, java.lang.Object)'> (0x0000000088583cf0) thrown at [./src/hotspot/share/interpreter/linkResolver.cpp, line 773]
Event: 57.577 Thread 0x0000013f9f83c800 Exception <a 'java/lang/NoSuchMethodError'{0x00000000885875d8}: 'java.lang.Object java.lang.invoke.DelegatingMethodHandle$Holder.reinvoke_L(java.lang.Object, int, int, java.lang.Object, int, java.lang.Object, java.lang.Object)'> (0x00000000885875d8) thrown at [./src/hotspot/share/interpreter/linkResolver.cpp, line 773]
Event: 57.581 Thread 0x0000013f9f83c800 Exception <a 'java/lang/NoSuchMethodError'{0x00000000885b20a0}: 'java.lang.Object java.lang.invoke.DirectMethodHandle$Holder.invokeStatic(java.lang.Object, java.lang.Object, java.lang.Object, java.lang.Object, java.lang.Object, java.lang.Object, java.lang.Object, java.lang.Object, int)'> (0x00000000885b20a0) thrown at [./src/hotspot/share/interpreter/linkResolver.cpp, line 773]
Event: 57.583 Thread 0x0000013f9f83c800 Exception <a 'java/lang/NoSuchMethodError'{0x00000000885cc8a0}: 'java.lang.Object java.lang.invoke.DirectMethodHandle$Holder.invokeStatic(java.lang.Object, java.lang.Object, java.lang.Object, java.lang.Object, java.lang.Object, java.lang.Object, java.lang.Object, java.lang.Object, int, int)'> (0x00000000885cc8a0) thrown at [./src/hotspot/share/interpreter/linkResolver.cpp, line 773]
Event: 57.585 Thread 0x0000013f9f83c800 Exception <a 'java/lang/NoSuchMethodError'{0x00000000885e81f0}: 'java.lang.Object java.lang.invoke.DirectMethodHandle$Holder.invokeStatic(java.lang.Object, java.lang.Object, java.lang.Object, java.lang.Object, java.lang.Object, java.lang.Object, java.lang.Object, java.lang.Object, int, int, java.lang.Object)'> (0x00000000885e81f0) thrown at [./src/hotspot/share/interpreter/linkResolver.cpp, line 773]
Event: 57.586 Thread 0x0000013f9f83c800 Exception <a 'java/lang/NoSuchMethodError'{0x0000000088405160}: 'java.lang.Object java.lang.invoke.DirectMethodHandle$Holder.invokeStatic(java.lang.Object, java.lang.Object, java.lang.Object, java.lang.Object, java.lang.Object, java.lang.Object, java.lang.Object, java.lang.Object, int, int, java.lang.Object, java.lang.Object)'> (0x0000000088405160) thrown at [./src/hotspot/share/interpreter/linkResolver.cpp, line 773]
Event: 57.607 Thread 0x0000013f9f83c800 Exception <a 'java/lang/NoSuchMethodError'{0x00000000884375a8}: <clinit>> (0x00000000884375a8) thrown at [./src/hotspot/share/prims/jni.cpp, line 1365]
Event: 57.610 Thread 0x0000013f9f83c800 Exception <a 'java/lang/NoSuchMethodError'{0x0000000088459630}: <clinit>> (0x0000000088459630) thrown at [./src/hotspot/share/prims/jni.cpp, line 1365]
Event: 57.636 Thread 0x0000013f9f841800 Exception <a 'java/lang/InterruptedException'{0x000000008849bc48}> (0x000000008849bc48) thrown at [./src/hotspot/share/runtime/objectMonitor.cpp, line 1635]
Event: 57.636 Thread 0x0000013f9f841800 Exception <a 'java/lang/NoSuchMethodError'{0x00000000884a3cc0}: 'java.lang.Object java.lang.invoke.DirectMethodHandle$Holder.invokeStatic(java.lang.Object, java.lang.Object, int, java.lang.Object, long)'> (0x00000000884a3cc0) thrown at [./src/hotspot/share/interpreter/linkResolver.cpp, line 773]

Events (20 events):
Event: 57.606 loading class java/io/ObjectInputFilter$FilterInfo
Event: 57.606 loading class java/io/ObjectInputFilter$FilterInfo done
Event: 57.606 loading class java/io/ObjectInputFilter$Status
Event: 57.606 loading class java/io/ObjectInputFilter$Status done
Event: 57.611 Executing VM operation: RevokeBias
Event: 57.611 Executing VM operation: RevokeBias done
Event: 57.633 loading class java/io/ObjectInputStream$FilterValues
Event: 57.634 loading class java/io/ObjectInputStream$FilterValues done
Event: 57.634 loading class java/io/ObjectInputStream$Logging
Event: 57.634 loading class java/io/ObjectInputStream$Logging done
Event: 57.634 loading class sun/rmi/transport/DGCClient$EndpointEntry$1
Event: 57.635 loading class sun/rmi/transport/DGCClient$EndpointEntry$1 done
Event: 57.636 loading class sun/rmi/transport/DGCImpl$2
Event: 57.636 loading class sun/rmi/transport/DGCImpl$2 done
Event: 57.636 loading class sun/rmi/server/UnicastServerRef
Event: 57.637 loading class java/rmi/server/ServerRef
Event: 57.637 loading class java/rmi/server/ServerRef done
Event: 57.637 loading class sun/rmi/server/Dispatcher
Event: 57.637 loading class sun/rmi/server/Dispatcher done
Event: 57.637 loading class sun/rmi/server/UnicastServerRef done


Dynamic libraries:
0x00007ff6bc1f0000 - 0x00007ff6bc1fa000 	C:\Program Files\Android\Android Studio\jre\bin\java.exe
0x00007ffd0e250000 - 0x00007ffd0e448000 	C:\WINDOWS\SYSTEM32\ntdll.dll
0x00007ffd0cd00000 - 0x00007ffd0cdbd000 	C:\WINDOWS\System32\KERNEL32.DLL
0x00007ffd0bc30000 - 0x00007ffd0befe000 	C:\WINDOWS\System32\KERNELBASE.dll
0x00007ffd0c0d0000 - 0x00007ffd0c1d0000 	C:\WINDOWS\System32\ucrtbase.dll
0x00007ffd04500000 - 0x00007ffd04519000 	C:\Program Files\Android\Android Studio\jre\bin\jli.dll
0x00007ffd044e0000 - 0x00007ffd044f7000 	C:\Program Files\Android\Android Studio\jre\bin\VCRUNTIME140.dll
0x00007ffd0cee0000 - 0x00007ffd0d080000 	C:\WINDOWS\System32\USER32.dll
0x00007ffcf56f0000 - 0x00007ffcf598a000 	C:\WINDOWS\WinSxS\amd64_microsoft.windows.common-controls_6595b64144ccf1df_6.0.19041.1110_none_60b5254171f9507e\COMCTL32.dll
0x00007ffd0c280000 - 0x00007ffd0c2a2000 	C:\WINDOWS\System32\win32u.dll
0x00007ffd0e170000 - 0x00007ffd0e20e000 	C:\WINDOWS\System32\msvcrt.dll
0x00007ffd0d1e0000 - 0x00007ffd0d20a000 	C:\WINDOWS\System32\GDI32.dll
0x00007ffd0baf0000 - 0x00007ffd0bbfb000 	C:\WINDOWS\System32\gdi32full.dll
0x00007ffd0b9c0000 - 0x00007ffd0ba5d000 	C:\WINDOWS\System32\msvcp_win.dll
0x00007ffd0d7b0000 - 0x00007ffd0d7e0000 	C:\WINDOWS\System32\IMM32.DLL
0x00007ffcea630000 - 0x00007ffcea6cd000 	C:\Program Files\Android\Android Studio\jre\bin\msvcp140.dll
0x00007ffcb7be0000 - 0x00007ffcb86c5000 	C:\Program Files\Android\Android Studio\jre\bin\server\jvm.dll
0x00007ffd0d910000 - 0x00007ffd0d9be000 	C:\WINDOWS\System32\ADVAPI32.dll
0x00007ffd0ce40000 - 0x00007ffd0cedc000 	C:\WINDOWS\System32\sechost.dll
0x00007ffd0d2d0000 - 0x00007ffd0d3f5000 	C:\WINDOWS\System32\RPCRT4.dll
0x00007ffd0d0f0000 - 0x00007ffd0d0f8000 	C:\WINDOWS\System32\PSAPI.DLL
0x00007ffccd5d0000 - 0x00007ffccd5d9000 	C:\WINDOWS\SYSTEM32\WSOCK32.dll
0x00007ffd0d080000 - 0x00007ffd0d0eb000 	C:\WINDOWS\System32\WS2_32.dll
0x00007ffcfe2e0000 - 0x00007ffcfe307000 	C:\WINDOWS\SYSTEM32\WINMM.dll
0x00007ffcfe470000 - 0x00007ffcfe47a000 	C:\WINDOWS\SYSTEM32\VERSION.dll
0x00007ffd09870000 - 0x00007ffd09882000 	C:\WINDOWS\SYSTEM32\kernel.appcore.dll
0x00007ffd044c0000 - 0x00007ffd044d1000 	C:\Program Files\Android\Android Studio\jre\bin\verify.dll
0x00007ffd04b60000 - 0x00007ffd04d44000 	C:\WINDOWS\SYSTEM32\DBGHELP.DLL
0x00007ffcf3cd0000 - 0x00007ffcf3cfc000 	C:\WINDOWS\SYSTEM32\dbgcore.DLL
0x00007ffd0ba60000 - 0x00007ffd0bae2000 	C:\WINDOWS\System32\bcryptPrimitives.dll
0x00007ffcf59c0000 - 0x00007ffcf59e9000 	C:\Program Files\Android\Android Studio\jre\bin\java.dll
0x00007ffd044b0000 - 0x00007ffd044bb000 	C:\Program Files\Android\Android Studio\jre\bin\jimage.dll
0x00007ffcf59a0000 - 0x00007ffcf59b8000 	C:\Program Files\Android\Android Studio\jre\bin\zip.dll
0x00007ffd0d9c0000 - 0x00007ffd0e104000 	C:\WINDOWS\System32\SHELL32.dll
0x00007ffd09a70000 - 0x00007ffd0a204000 	C:\WINDOWS\SYSTEM32\windows.storage.dll
0x00007ffd0c4c0000 - 0x00007ffd0c814000 	C:\WINDOWS\System32\combase.dll
0x00007ffd0b3d0000 - 0x00007ffd0b400000 	C:\WINDOWS\SYSTEM32\Wldp.dll
0x00007ffd0d700000 - 0x00007ffd0d7ad000 	C:\WINDOWS\System32\SHCORE.dll
0x00007ffd0e110000 - 0x00007ffd0e165000 	C:\WINDOWS\System32\shlwapi.dll
0x00007ffd0b8b0000 - 0x00007ffd0b8cf000 	C:\WINDOWS\SYSTEM32\profapi.dll
0x00007ffcf4d90000 - 0x00007ffcf4daa000 	C:\Program Files\Android\Android Studio\jre\bin\net.dll
0x00007ffcfdfa0000 - 0x00007ffcfe0aa000 	C:\WINDOWS\SYSTEM32\WINHTTP.dll
0x00007ffd0b130000 - 0x00007ffd0b19a000 	C:\WINDOWS\system32\mswsock.dll
0x00007ffcf3700000 - 0x00007ffcf3714000 	C:\Program Files\Android\Android Studio\jre\bin\nio.dll
0x00007ffcefb40000 - 0x00007ffcefb67000 	C:\Users\moham\AndroidStudioProjects\Dice-Roller\native\e1d6ef7f7dcc3fd88c89a11ec53ec762bb8ba0a96d01ffa2cd45eb1d1d8dd5c5\windows-amd64\native-platform.dll
0x00007ffcef0c0000 - 0x00007ffcef204000 	C:\Users\moham\AndroidStudioProjects\Dice-Roller\native\5664cfc778a61ccfe75a443a1ab52a65af34e5dc3c78e0209fed803814484fcb\windows-amd64\native-platform-file-events.dll
0x00007ffd044a0000 - 0x00007ffd044aa000 	C:\Program Files\Android\Android Studio\jre\bin\management.dll
0x00007ffd04340000 - 0x00007ffd0434d000 	C:\Program Files\Android\Android Studio\jre\bin\management_ext.dll
0x00007ffd0b320000 - 0x00007ffd0b338000 	C:\WINDOWS\SYSTEM32\CRYPTSP.dll
0x00007ffd0aa40000 - 0x00007ffd0aa74000 	C:\WINDOWS\system32\rsaenh.dll
0x00007ffd0bc00000 - 0x00007ffd0bc27000 	C:\WINDOWS\System32\bcrypt.dll
0x00007ffd0b830000 - 0x00007ffd0b85e000 	C:\WINDOWS\SYSTEM32\USERENV.dll
0x00007ffd0b340000 - 0x00007ffd0b34c000 	C:\WINDOWS\SYSTEM32\CRYPTBASE.dll
0x00007ffd0add0000 - 0x00007ffd0ae0b000 	C:\WINDOWS\SYSTEM32\IPHLPAPI.DLL
0x00007ffd0c820000 - 0x00007ffd0c828000 	C:\WINDOWS\System32\NSI.dll
0x00007ffd03780000 - 0x00007ffd03797000 	C:\WINDOWS\SYSTEM32\dhcpcsvc6.DLL
0x00007ffd03b50000 - 0x00007ffd03b6d000 	C:\WINDOWS\SYSTEM32\dhcpcsvc.DLL
0x00007ffd0ae10000 - 0x00007ffd0aedb000 	C:\WINDOWS\SYSTEM32\DNSAPI.dll
0x00007ffd0a670000 - 0x00007ffd0a6a3000 	C:\WINDOWS\SYSTEM32\ntmarta.dll
0x00007ffd07550000 - 0x00007ffd0756e000 	C:\Users\moham\AppData\Local\Temp\native-platform637777755663538101dir\native-platform.dll
0x00007ffd07470000 - 0x00007ffd07478000 	C:\Program Files\Android\Android Studio\jre\bin\rmi.dll

dbghelp: loaded successfully - version: 4.0.5 - missing functions: none
symbol engine: initialized successfully - sym options: 0x614 - pdb path: .;C:\Program Files\Android\Android Studio\jre\bin;C:\WINDOWS\SYSTEM32;C:\WINDOWS\WinSxS\amd64_microsoft.windows.common-controls_6595b64144ccf1df_6.0.19041.1110_none_60b5254171f9507e;C:\Program Files\Android\Android Studio\jre\bin\server;C:\Users\moham\AndroidStudioProjects\Dice-Roller\native\e1d6ef7f7dcc3fd88c89a11ec53ec762bb8ba0a96d01ffa2cd45eb1d1d8dd5c5\windows-amd64;C:\Users\moham\AndroidStudioProjects\Dice-Roller\native\5664cfc778a61ccfe75a443a1ab52a65af34e5dc3c78e0209fed803814484fcb\windows-amd64;C:\Users\moham\AppData\Local\Temp\native-platform637777755663538101dir

VM Arguments:
jvm_args: --add-opens=java.base/java.util=ALL-UNNAMED --add-opens=java.base/java.lang=ALL-UNNAMED --add-opens=java.base/java.lang.invoke=ALL-UNNAMED --add-opens=java.base/java.util=ALL-UNNAMED --add-opens=java.prefs/java.util.prefs=ALL-UNNAMED --add-opens=java.prefs/java.util.prefs=ALL-UNNAMED --add-opens=java.base/java.nio.charset=ALL-UNNAMED --add-opens=java.base/java.net=ALL-UNNAMED --add-opens=java.base/java.util.concurrent.atomic=ALL-UNNAMED -Xmx2048m -Dfile.encoding=UTF-8 -Duser.country=US -Duser.language=en -Duser.variant 
java_command: org.gradle.launcher.daemon.bootstrap.GradleDaemon 7.3.3
java_class_path (initial): C:\Users\moham\AndroidStudioProjects\Dice-Roller\wrapper\dists\gradle-7.3.3-bin\6a41zxkdtcxs8rphpq6y0069z\gradle-7.3.3\lib\gradle-launcher-7.3.3.jar
Launcher Type: SUN_STANDARD

[Global flags]
     intx CICompilerCount                          = 3                                         {product} {ergonomic}
     uint ConcGCThreads                            = 1                                         {product} {ergonomic}
     uint G1ConcRefinementThreads                  = 4                                         {product} {ergonomic}
   size_t G1HeapRegionSize                         = 1048576                                   {product} {ergonomic}
    uintx GCDrainStackTargetSize                   = 64                                        {product} {ergonomic}
   size_t InitialHeapSize                          = 134217728                                 {product} {ergonomic}
   size_t MarkStackSize                            = 4194304                                   {product} {ergonomic}
   size_t MaxHeapSize                              = 2147483648                                {product} {command line}
   size_t MaxNewSize                               = 1287651328                                {product} {ergonomic}
   size_t MinHeapDeltaBytes                        = 1048576                                   {product} {ergonomic}
    uintx NonNMethodCodeHeapSize                   = 5830732                                {pd product} {ergonomic}
    uintx NonProfiledCodeHeapSize                  = 122913754                              {pd product} {ergonomic}
    uintx ProfiledCodeHeapSize                     = 122913754                              {pd product} {ergonomic}
    uintx ReservedCodeCacheSize                    = 251658240                              {pd product} {ergonomic}
     bool SegmentedCodeCache                       = true                                      {product} {ergonomic}
     bool UseCompressedClassPointers               = true                                 {lp64_product} {ergonomic}
     bool UseCompressedOops                        = true                                 {lp64_product} {ergonomic}
     bool UseG1GC                                  = true                                      {product} {ergonomic}
     bool UseLargePagesIndividualAllocation        = false                                  {pd product} {ergonomic}

Logging:
Log output configuration:
 #0: stdout all=warning uptime,level,tags
 #1: stderr all=off uptime,level,tags

Environment Variables:
PATH=C:\Program Files\Common Files\Oracle\Java\javapath;C:\WINDOWS\system32;C:\WINDOWS;C:\WINDOWS\System32\Wbem;C:\WINDOWS\System32\WindowsPowerShell\v1.0\;C:\WINDOWS\System32\OpenSSH\;C:\Program Files\Git\cmd;C:\Program Files\Microsoft\Web Platform Installer\;C:\Users\moham\AppData\Local\Microsoft\WindowsApps;;C:\Users\moham\AppData\Local\Programs\Microsoft VS Code\bin;C:\Users\moham\AppData\Local\JetBrains\Toolbox\scripts
USERNAME=moham
OS=Windows_NT
PROCESSOR_IDENTIFIER=Intel64 Family 6 Model 78 Stepping 3, GenuineIntel



---------------  S Y S T E M  ---------------

OS: Windows 10 , 64 bit Build 19041 (10.0.19041.1806)
OS uptime: 2 days 23:11 hours

CPU:total 4 (initial active 4) (2 cores per cpu, 2 threads per core) family 6 model 78 stepping 3 microcode 0xcc, cmov, cx8, fxsr, mmx, sse, sse2, sse3, ssse3, sse4.1, sse4.2, popcnt, avx, avx2, aes, clmul, erms, 3dnowpref, lzcnt, ht, tsc, tscinvbit, bmi1, bmi2, adx, fma

Memory: 4k page, system-wide physical 8075M (209M free)
TotalPageFile size 32651M (AvailPageFile size 0M)
current process WorkingSet (physical memory assigned to process): 378M, peak: 388M
current process commit charge ("private bytes"): 449M, peak: 459M

vm_info: OpenJDK 64-Bit Server VM (11.0.12+7-b1504.28-7817840) for windows-amd64 JRE (11.0.12+7-b1504.28-7817840), built on Oct 13 2021 22:12:33 by "builder" with MS VC++ 14.0 (VS2015)

END.
